
> admin-ui@1.0.0 lint
> expo lint


/Users/mohammedshafiuddin/WebDev/mobile-dev/medikore/apps/admin-ui/app/(drawer)/_layout.tsx
    6:3   warning  'Text' is defined but never used                                                                                                                                                                                                                                                                                                                                                          @typescript-eslint/no-unused-vars
    7:3   warning  'TouchableOpacity' is defined but never used                                                                                                                                                                                                                                                                                                                                              @typescript-eslint/no-unused-vars
    8:3   warning  'Animated' is defined but never used                                                                                                                                                                                                                                                                                                                                                      @typescript-eslint/no-unused-vars
    9:3   warning  'Easing' is defined but never used                                                                                                                                                                                                                                                                                                                                                        @typescript-eslint/no-unused-vars
   17:3   warning  'DrawerItemList' is defined but never used                                                                                                                                                                                                                                                                                                                                                @typescript-eslint/no-unused-vars
   21:3   warning  'Entypo' is defined but never used                                                                                                                                                                                                                                                                                                                                                        @typescript-eslint/no-unused-vars
   22:3   warning  'FontAwesome5' is defined but never used                                                                                                                                                                                                                                                                                                                                                  @typescript-eslint/no-unused-vars
   28:10  warning  'IconButton' is defined but never used                                                                                                                                                                                                                                                                                                                                                    @typescript-eslint/no-unused-vars
   29:19  warning  'tw' is defined but never used                                                                                                                                                                                                                                                                                                                                                            @typescript-eslint/no-unused-vars
   33:10  warning  'useCurrentUserId' is defined but never used                                                                                                                                                                                                                                                                                                                                              @typescript-eslint/no-unused-vars
   37:10  warning  'NavigationContainer' is defined but never used                                                                                                                                                                                                                                                                                                                                           @typescript-eslint/no-unused-vars
   40:11  warning  An empty interface declaration allows any non-nullish value, including literals like `0` and `""`.
- If that's what you want, disable this lint rule with an inline comment or configure the 'allowInterfaces' rule option.
- If you want a type meaning "any object", you probably want `object` instead.
- If you want a type meaning "any value", you probably want `unknown` instead  @typescript-eslint/no-empty-object-type
   43:9   warning  Unexpected empty object pattern                                                                                                                                                                                                                                                                                                                                                           no-empty-pattern
   44:23  error    React Hook "useQueryClient" is called in function "_layout" that is neither a React function component nor a custom React Hook function. React component names must start with an uppercase letter. React Hook names must start with the word "use"                                                                                                                                       react-hooks/rules-of-hooks
   45:21  error    React Hook "useTheme" is called in function "_layout" that is neither a React function component nor a custom React Hook function. React component names must start with an uppercase letter. React Hook names must start with the word "use"                                                                                                                                             react-hooks/rules-of-hooks
   47:17  error    React Hook "useRoles" is called in function "_layout" that is neither a React function component nor a custom React Hook function. React component names must start with an uppercase letter. React Hook names must start with the word "use"                                                                                                                                             react-hooks/rules-of-hooks
   49:18  error    React Hook "useRouter" is called in function "_layout" that is neither a React function component nor a custom React Hook function. React component names must start with an uppercase letter. React Hook names must start with the word "use"                                                                                                                                            react-hooks/rules-of-hooks
   51:3   error    React Hook "useEffect" is called in function "_layout" that is neither a React function component nor a custom React Hook function. React component names must start with an uppercase letter. React Hook names must start with the word "use"                                                                                                                                            react-hooks/rules-of-hooks
   55:35  error    React Hook "React.useState" is called in function "_layout" that is neither a React function component nor a custom React Hook function. React component names must start with an uppercase letter. React Hook names must start with the word "use"                                                                                                                                       react-hooks/rules-of-hooks
  360:8   warning  React Hook React.useCallback has missing dependencies: 'refetchUserDetails', 'refreshRoles', and 'userId'. Either include them or remove the dependency array                                                                                                                                                                                                                             react-hooks/exhaustive-deps
  365:6   warning  React Hook React.useEffect has a missing dependency: 'refetchUserDetails'. Either include it or remove the dependency array                                                                                                                                                                                                                                                               react-hooks/exhaustive-deps

/Users/mohammedshafiuddin/WebDev/mobile-dev/medikore/apps/admin-ui/app/(drawer)/accounts.tsx
  2:16  warning  'ScrollView' is defined but never used  @typescript-eslint/no-unused-vars
  5:10  warning  'Ionicons' is defined but never used    @typescript-eslint/no-unused-vars

/Users/mohammedshafiuddin/WebDev/mobile-dev/medikore/apps/admin-ui/app/(drawer)/add-token/index.tsx
  222:34  error    `'` can be escaped with `&apos;`, `&lsquo;`, `&#39;`, `&rsquo;`  react/no-unescaped-entities
  230:13  warning  'today' is assigned a value but never used                       @typescript-eslint/no-unused-vars
  401:24  error    `'` can be escaped with `&apos;`, `&lsquo;`, `&#39;`, `&rsquo;`  react/no-unescaped-entities

/Users/mohammedshafiuddin/WebDev/mobile-dev/medikore/apps/admin-ui/app/(drawer)/admin-panel/_layout.tsx
  4:11  warning  An empty interface declaration allows any non-nullish value, including literals like `0` and `""`.
- If that's what you want, disable this lint rule with an inline comment or configure the 'allowInterfaces' rule option.
- If you want a type meaning "any object", you probably want `object` instead.
- If you want a type meaning "any value", you probably want `unknown` instead  @typescript-eslint/no-empty-object-type
  7:11  warning  Unexpected empty object pattern                                                                                                                                                                                                                                                                                                                                                           no-empty-pattern

/Users/mohammedshafiuddin/WebDev/mobile-dev/medikore/apps/admin-ui/app/(drawer)/admin-panel/index.tsx
   3:16  warning  'Image' is defined but never used                                                                                                                                                                                                                                                                                                                                                         @typescript-eslint/no-unused-vars
   7:11  warning  An empty interface declaration allows any non-nullish value, including literals like `0` and `""`.
- If that's what you want, disable this lint rule with an inline comment or configure the 'allowInterfaces' rule option.
- If you want a type meaning "any object", you probably want `object` instead.
- If you want a type meaning "any value", you probably want `unknown` instead  @typescript-eslint/no-empty-object-type
  10:9   warning  Unexpected empty object pattern                                                                                                                                                                                                                                                                                                                                                           no-empty-pattern

/Users/mohammedshafiuddin/WebDev/mobile-dev/medikore/apps/admin-ui/app/(drawer)/admin-panel/manage-business-users/add-business-user/index.tsx
  3:10  warning  'ScrollView' is defined but never used  @typescript-eslint/no-unused-vars

/Users/mohammedshafiuddin/WebDev/mobile-dev/medikore/apps/admin-ui/app/(drawer)/admin-panel/manage-business-users/index.tsx
  3:10  warning  'ScrollView' is defined but never used  @typescript-eslint/no-unused-vars

/Users/mohammedshafiuddin/WebDev/mobile-dev/medikore/apps/admin-ui/app/(drawer)/admin-panel/manage-hospitals/add-hospital/index.tsx
  3:10  warning  'ScrollView' is defined but never used  @typescript-eslint/no-unused-vars

/Users/mohammedshafiuddin/WebDev/mobile-dev/medikore/apps/admin-ui/app/(drawer)/admin-panel/manage-hospitals/edit-hospital/[id].tsx
  4:10  warning  'ScrollView' is defined but never used  @typescript-eslint/no-unused-vars

/Users/mohammedshafiuddin/WebDev/mobile-dev/medikore/apps/admin-ui/app/(drawer)/admin-panel/manage-hospitals/index.tsx
  3:10  warning  'ScrollView' is defined but never used           @typescript-eslint/no-unused-vars
  6:26  error    Unable to resolve path to module 'shared-types'  import/no-unresolved

/Users/mohammedshafiuddin/WebDev/mobile-dev/medikore/apps/admin-ui/app/(drawer)/dashboard/_layout.tsx
  2:17  warning  'useEffect' is defined but never used                  @typescript-eslint/no-unused-vars
  6:13  warning  'isLoggedIn' is assigned a value but never used        @typescript-eslint/no-unused-vars
  6:25  warning  'responsibilities' is assigned a value but never used  @typescript-eslint/no-unused-vars

/Users/mohammedshafiuddin/WebDev/mobile-dev/medikore/apps/admin-ui/app/(drawer)/dashboard/doctor-details/[id].tsx
   2:35  warning  'ScrollView' is defined but never used                @typescript-eslint/no-unused-vars
  21:9   warning  'isAdmin' is assigned a value but never used          @typescript-eslint/no-unused-vars
  22:9   warning  'isHospitalAdmin' is assigned a value but never used  @typescript-eslint/no-unused-vars

/Users/mohammedshafiuddin/WebDev/mobile-dev/medikore/apps/admin-ui/app/(drawer)/dashboard/doctor-edit/[id].tsx
  2:16  warning  'TouchableOpacity' is defined but never used  @typescript-eslint/no-unused-vars
  9:10  warning  'Ionicons' is defined but never used          @typescript-eslint/no-unused-vars

/Users/mohammedshafiuddin/WebDev/mobile-dev/medikore/apps/admin-ui/app/(drawer)/dashboard/edit-business-user/[id].tsx
  15:17  warning  'doctorSpecializations' is assigned a value but never used  @typescript-eslint/no-unused-vars

/Users/mohammedshafiuddin/WebDev/mobile-dev/medikore/apps/admin-ui/app/(drawer)/dashboard/hospital-details/[id].tsx
   2:28  warning  'Dimensions' is defined but never used                 @typescript-eslint/no-unused-vars
   4:24  warning  'MyButton' is defined but never used                   @typescript-eslint/no-unused-vars
  27:41  warning  'isDoctorsLoading' is assigned a value but never used  @typescript-eslint/no-unused-vars

/Users/mohammedshafiuddin/WebDev/mobile-dev/medikore/apps/admin-ui/app/(drawer)/dashboard/index.tsx
   2:10  warning  'View' is defined but never used                 @typescript-eslint/no-unused-vars
   8:8   warning  'useHideDrawerHeader' is defined but never used  @typescript-eslint/no-unused-vars
  16:19  warning  'user' is assigned a value but never used        @typescript-eslint/no-unused-vars

/Users/mohammedshafiuddin/WebDev/mobile-dev/medikore/apps/admin-ui/app/(drawer)/my-hospital/_layout.tsx
  6:9  warning  'backgroundColor' is assigned a value but never used  @typescript-eslint/no-unused-vars
  7:9  warning  'headerColor' is assigned a value but never used      @typescript-eslint/no-unused-vars
  8:9  warning  'textColor' is assigned a value but never used        @typescript-eslint/no-unused-vars

/Users/mohammedshafiuddin/WebDev/mobile-dev/medikore/apps/admin-ui/app/(drawer)/my-hospital/add-doctor.tsx
   2:22  warning  'ActivityIndicator' is defined but never used                    @typescript-eslint/no-unused-vars
  21:20  error    `'` can be escaped with `&apos;`, `&lsquo;`, `&#39;`, `&rsquo;`  react/no-unescaped-entities

/Users/mohammedshafiuddin/WebDev/mobile-dev/medikore/apps/admin-ui/app/(drawer)/my-hospital/edit-hospital.tsx
   2:10  warning  'ScrollView' is defined but never used           @typescript-eslint/no-unused-vars
   4:10  warning  'tw' is defined but never used                   @typescript-eslint/no-unused-vars
   4:15  warning  'MyText' is defined but never used               @typescript-eslint/no-unused-vars
   5:10  warning  'ThemedView' is defined but never used           @typescript-eslint/no-unused-vars
   6:8   warning  'useHideDrawerHeader' is defined but never used  @typescript-eslint/no-unused-vars
  12:9   warning  'router' is assigned a value but never used      @typescript-eslint/no-unused-vars

/Users/mohammedshafiuddin/WebDev/mobile-dev/medikore/apps/admin-ui/app/(drawer)/my-hospital/index.tsx
  2:16  warning  'ScrollView' is defined but never used  @typescript-eslint/no-unused-vars

/Users/mohammedshafiuddin/WebDev/mobile-dev/medikore/apps/admin-ui/app/(drawer)/my-patients.tsx
  7:24  error  Unable to resolve path to module '@/components/my-patients'  import/no-unresolved

/Users/mohammedshafiuddin/WebDev/mobile-dev/medikore/apps/admin-ui/app/(drawer)/my-profile/_layout.tsx
  4:11  warning  An empty interface declaration allows any non-nullish value, including literals like `0` and `""`.
- If that's what you want, disable this lint rule with an inline comment or configure the 'allowInterfaces' rule option.
- If you want a type meaning "any object", you probably want `object` instead.
- If you want a type meaning "any value", you probably want `unknown` instead  @typescript-eslint/no-empty-object-type
  7:11  warning  Unexpected empty object pattern                                                                                                                                                                                                                                                                                                                                                           no-empty-pattern

/Users/mohammedshafiuddin/WebDev/mobile-dev/medikore/apps/admin-ui/app/(drawer)/todays-tokens/DoctorTokenCard.tsx
   2:16  warning  'Alert' is defined but never used                      @typescript-eslint/no-unused-vars
  28:9   warning  'statusColorClass' is assigned a value but never used  @typescript-eslint/no-unused-vars

/Users/mohammedshafiuddin/WebDev/mobile-dev/medikore/apps/admin-ui/app/(drawer)/todays-tokens/_layout.tsx
  4:11  warning  An empty interface declaration allows any non-nullish value, including literals like `0` and `""`.
- If that's what you want, disable this lint rule with an inline comment or configure the 'allowInterfaces' rule option.
- If you want a type meaning "any object", you probably want `object` instead.
- If you want a type meaning "any value", you probably want `unknown` instead  @typescript-eslint/no-empty-object-type
  7:11  warning  Unexpected empty object pattern                                                                                                                                                                                                                                                                                                                                                           no-empty-pattern

/Users/mohammedshafiuddin/WebDev/mobile-dev/medikore/apps/admin-ui/app/(drawer)/todays-tokens/index.tsx
   2:10  warning  'useLocalSearchParams' is defined but never used  @typescript-eslint/no-unused-vars
  15:10  warning  'LinearGradient' is defined but never used        @typescript-eslint/no-unused-vars
  20:9   warning  'router' is assigned a value but never used       @typescript-eslint/no-unused-vars

/Users/mohammedshafiuddin/WebDev/mobile-dev/medikore/apps/admin-ui/app/(drawer)/todays-tokens/index2.tsx
   15:10  warning  'ThemedView' is defined but never used                                                                                                                                                                                                                                                                                                                                                    @typescript-eslint/no-unused-vars
   24:11  warning  An empty interface declaration allows any non-nullish value, including literals like `0` and `""`.
- If that's what you want, disable this lint rule with an inline comment or configure the 'allowInterfaces' rule option.
- If you want a type meaning "any object", you probably want `object` instead.
- If you want a type meaning "any value", you probably want `unknown` instead  @typescript-eslint/no-empty-object-type
   27:9   warning  Unexpected empty object pattern                                                                                                                                                                                                                                                                                                                                                           no-empty-pattern
   28:9   warning  'jwt' is assigned a value but never used                                                                                                                                                                                                                                                                                                                                                  @typescript-eslint/no-unused-vars
   69:14  warning  'err' is defined but never used                                                                                                                                                                                                                                                                                                                                                           @typescript-eslint/no-unused-vars
   91:9   warning  'handleSelectDoctor' is assigned a value but never used                                                                                                                                                                                                                                                                                                                                   @typescript-eslint/no-unused-vars
  141:49  error    `'` can be escaped with `&apos;`, `&lsquo;`, `&#39;`, `&rsquo;`                                                                                                                                                                                                                                                                                                                           react/no-unescaped-entities
  167:22  error    `'` can be escaped with `&apos;`, `&lsquo;`, `&#39;`, `&rsquo;`                                                                                                                                                                                                                                                                                                                           react/no-unescaped-entities
  207:37  error    `'` can be escaped with `&apos;`, `&lsquo;`, `&#39;`, `&rsquo;`                                                                                                                                                                                                                                                                                                                           react/no-unescaped-entities
  324:7   warning  'DoctorSummaryCard' is assigned a value but never used                                                                                                                                                                                                                                                                                                                                    @typescript-eslint/no-unused-vars

/Users/mohammedshafiuddin/WebDev/mobile-dev/medikore/apps/admin-ui/app/(drawer)/token-history/index.tsx
    4:3   warning  'ScrollView' is defined but never used                                                                         @typescript-eslint/no-unused-vars
    7:3   warning  'Platform' is defined but never used                                                                           @typescript-eslint/no-unused-vars
    8:3   warning  'FlatList' is defined but never used                                                                           @typescript-eslint/no-unused-vars
   28:8   warning  'TokenHistoryWebView' is defined but never used                                                                @typescript-eslint/no-unused-vars
   29:8   warning  'TokenHistoryCard' is defined but never used                                                                   @typescript-eslint/no-unused-vars
   30:8   warning  'PaginationComponent' is defined but never used                                                                @typescript-eslint/no-unused-vars
   31:8   warning  'PaperPagination' is defined but never used                                                                    @typescript-eslint/no-unused-vars
   32:26  error    Unable to resolve path to module '@/components/tokenhistory'                                                   import/no-unresolved
   38:24  warning  'onItemsPerPageChange' is assigned a value but never used                                                      @typescript-eslint/no-unused-vars
   61:10  warning  'paginationModel' is assigned a value but never used                                                           @typescript-eslint/no-unused-vars
   61:27  warning  'setPaginationModel' is assigned a value but never used                                                        @typescript-eslint/no-unused-vars
   77:37  warning  'error' is assigned a value but never used                                                                     @typescript-eslint/no-unused-vars
  108:6   warning  React Hook React.useEffect has a missing dependency: 'page'. Either include it or remove the dependency array  react-hooks/exhaustive-deps
  117:9   warning  'from' is assigned a value but never used                                                                      @typescript-eslint/no-unused-vars
  118:9   warning  'to' is assigned a value but never used                                                                        @typescript-eslint/no-unused-vars
  120:9   warning  'handleLoadMore' is assigned a value but never used                                                            @typescript-eslint/no-unused-vars

/Users/mohammedshafiuddin/WebDev/mobile-dev/medikore/apps/admin-ui/app/_layout.tsx
  7:18  warning  'usePathname' is defined but never used  @typescript-eslint/no-unused-vars

/Users/mohammedshafiuddin/WebDev/mobile-dev/medikore/apps/admin-ui/app/doctor-availability-calendar/[doctorId].tsx
   4:3   warning  'TouchableOpacity' is defined but never used                 @typescript-eslint/no-unused-vars
   5:3   warning  'ScrollView' is defined but never used                       @typescript-eslint/no-unused-vars
  26:10  warning  'error' is assigned a value but never used                   @typescript-eslint/no-unused-vars
  26:17  warning  'setError' is assigned a value but never used                @typescript-eslint/no-unused-vars
  82:9   warning  'getAvailabilityForDate' is assigned a value but never used  @typescript-eslint/no-unused-vars

/Users/mohammedshafiuddin/WebDev/mobile-dev/medikore/apps/admin-ui/app/index.tsx
  3:10  warning  'Text' is defined but never used                                                                                                                                                                                                                                                                                                                                                          @typescript-eslint/no-unused-vars
  5:11  warning  An empty interface declaration allows any non-nullish value, including literals like `0` and `""`.
- If that's what you want, disable this lint rule with an inline comment or configure the 'allowInterfaces' rule option.
- If you want a type meaning "any object", you probably want `object` instead.
- If you want a type meaning "any value", you probably want `unknown` instead  @typescript-eslint/no-empty-object-type
  8:11  warning  Unexpected empty object pattern                                                                                                                                                                                                                                                                                                                                                           no-empty-pattern

/Users/mohammedshafiuddin/WebDev/mobile-dev/medikore/apps/admin-ui/app/login/_layout.tsx
  4:11  warning  An empty interface declaration allows any non-nullish value, including literals like `0` and `""`.
- If that's what you want, disable this lint rule with an inline comment or configure the 'allowInterfaces' rule option.
- If you want a type meaning "any object", you probably want `object` instead.
- If you want a type meaning "any value", you probably want `unknown` instead  @typescript-eslint/no-empty-object-type
  7:11  warning  Unexpected empty object pattern                                                                                                                                                                                                                                                                                                                                                           no-empty-pattern

/Users/mohammedshafiuddin/WebDev/mobile-dev/medikore/apps/admin-ui/app/login/index.tsx
    1:17  warning  'useEffect' is defined but never used                                                                              @typescript-eslint/no-unused-vars
    3:16  warning  'TextInput' is defined but never used                                                                              @typescript-eslint/no-unused-vars
    3:27  warning  'Button' is defined but never used                                                                                 @typescript-eslint/no-unused-vars
    5:13  warning  'SecureStore' is defined but never used                                                                            @typescript-eslint/no-unused-vars
    7:10  warning  'useLogin' is defined but never used                                                                               @typescript-eslint/no-unused-vars
    7:20  warning  'LoginResponse' is defined but never used                                                                          @typescript-eslint/no-unused-vars
    8:10  warning  'useFocusEffect' is defined but never used                                                                         @typescript-eslint/no-unused-vars
   10:30  warning  'StorageService' is defined but never used                                                                         @typescript-eslint/no-unused-vars
   14:10  warning  'getJWT' is defined but never used                                                                                 @typescript-eslint/no-unused-vars
   14:18  warning  'JWT_KEY' is defined but never used                                                                                @typescript-eslint/no-unused-vars
   14:27  warning  'saveJWT' is defined but never used                                                                                @typescript-eslint/no-unused-vars
   14:36  warning  'saveRoles' is defined but never used                                                                              @typescript-eslint/no-unused-vars
   17:10  warning  'useCurrentUserId' is defined but never used                                                                       @typescript-eslint/no-unused-vars
   35:10  warning  'checkingAuth' is assigned a value but never used                                                                  @typescript-eslint/no-unused-vars
   35:24  warning  'setCheckingAuth' is assigned a value but never used                                                               @typescript-eslint/no-unused-vars
   37:10  warning  'useUsername' is assigned a value but never used                                                                   @typescript-eslint/no-unused-vars
   37:23  warning  'setUseUsername' is assigned a value but never used                                                                @typescript-eslint/no-unused-vars
   38:9   warning  'router' is assigned a value but never used                                                                        @typescript-eslint/no-unused-vars
   52:26  warning  'isSubmitting' is assigned a value but never used                                                                  @typescript-eslint/no-unused-vars
   63:6   warning  React Hook React.useEffect has a missing dependency: 'setError'. Either include it or remove the dependency array  react-hooks/exhaustive-deps
  180:58  error    `'` can be escaped with `&apos;`, `&lsquo;`, `&#39;`, `&rsquo;`                                                    react/no-unescaped-entities

/Users/mohammedshafiuddin/WebDev/mobile-dev/medikore/apps/admin-ui/app/signup/_layout.tsx
  4:11  warning  An empty interface declaration allows any non-nullish value, including literals like `0` and `""`.
- If that's what you want, disable this lint rule with an inline comment or configure the 'allowInterfaces' rule option.
- If you want a type meaning "any object", you probably want `object` instead.
- If you want a type meaning "any value", you probably want `unknown` instead  @typescript-eslint/no-empty-object-type
  7:11  warning  Unexpected empty object pattern                                                                                                                                                                                                                                                                                                                                                           no-empty-pattern

/Users/mohammedshafiuddin/WebDev/mobile-dev/medikore/apps/admin-ui/app/signup/index.tsx
   6:3   warning  'useCreateBusinessUser' is defined but never used                                                                                                                                                                                                                                                                                                                                         @typescript-eslint/no-unused-vars
  18:11  warning  An empty interface declaration allows any non-nullish value, including literals like `0` and `""`.
- If that's what you want, disable this lint rule with an inline comment or configure the 'allowInterfaces' rule option.
- If you want a type meaning "any object", you probably want `object` instead.
- If you want a type meaning "any value", you probably want `unknown` instead  @typescript-eslint/no-empty-object-type
  48:12  warning  'createUserError' is assigned a value but never used                                                                                                                                                                                                                                                                                                                                      @typescript-eslint/no-unused-vars

/Users/mohammedshafiuddin/WebDev/mobile-dev/medikore/apps/admin-ui/components/OfflineTokenDialog.tsx
  6:3  warning  'Text' is defined but never used  @typescript-eslint/no-unused-vars

/Users/mohammedshafiuddin/WebDev/mobile-dev/medikore/apps/admin-ui/components/Pagination.tsx
  2:40  warning  'Platform' is defined but never used  @typescript-eslint/no-unused-vars
  3:10  warning  'Picker' is defined but never used    @typescript-eslint/no-unused-vars

/Users/mohammedshafiuddin/WebDev/mobile-dev/medikore/apps/admin-ui/components/add-business-user-form.tsx
    7:17  warning  'useEffect' is defined but never used                                                                                                     @typescript-eslint/no-unused-vars
  152:7   error    React Hook "useUpdateBusinessUser" is called conditionally. React Hooks must be called in the exact same order in every component render  react-hooks/rules-of-hooks

/Users/mohammedshafiuddin/WebDev/mobile-dev/medikore/apps/admin-ui/components/context/auth-context.tsx
   17:10  warning  'useFocusEffect' is defined but never used                                                                                                                    @typescript-eslint/no-unused-vars
   26:21  warning  'SuccessToast' is defined but never used                                                                                                                      @typescript-eslint/no-unused-vars
   27:10  warning  'useNotification' is defined but never used                                                                                                                   @typescript-eslint/no-unused-vars
   84:33  warning  'setResponsibilitiesError' is assigned a value but never used                                                                                                 @typescript-eslint/no-unused-vars
   90:17  warning  'responsibilitiesFetching' is assigned a value but never used                                                                                                 @typescript-eslint/no-unused-vars
   92:12  warning  'queryError' is assigned a value but never used                                                                                                               @typescript-eslint/no-unused-vars
  112:6   warning  React Hook React.useEffect has missing dependencies: 'pathname', 'refetchResponsibilities', and 'router'. Either include them or remove the dependency array  react-hooks/exhaustive-deps
  205:6   warning  React Hook React.useEffect has a missing dependency: 'logout'. Either include it or remove the dependency array                                               react-hooks/exhaustive-deps

/Users/mohammedshafiuddin/WebDev/mobile-dev/medikore/apps/admin-ui/components/context/roles-context.tsx
  1:8   warning  'React' is defined but never used          @typescript-eslint/no-unused-vars
  1:17  warning  'createContext' is defined but never used  @typescript-eslint/no-unused-vars
  1:44  warning  'useEffect' is defined but never used      @typescript-eslint/no-unused-vars
  1:55  warning  'useState' is defined but never used       @typescript-eslint/no-unused-vars
  1:65  warning  'ReactNode' is defined but never used      @typescript-eslint/no-unused-vars

/Users/mohammedshafiuddin/WebDev/mobile-dev/medikore/apps/admin-ui/components/dashboard-header.tsx
  53:6  warning  React Hook React.useEffect has a missing dependency: 'spinAnim'. Either include it or remove the dependency array  react-hooks/exhaustive-deps

/Users/mohammedshafiuddin/WebDev/mobile-dev/medikore/apps/admin-ui/components/date-time-picker.tsx
  17:20  error  Unable to resolve path to module './text'  import/no-unresolved

/Users/mohammedshafiuddin/WebDev/mobile-dev/medikore/apps/admin-ui/components/decorative-graphics.tsx
  3:21  warning  'tw' is defined but never used  @typescript-eslint/no-unused-vars

/Users/mohammedshafiuddin/WebDev/mobile-dev/medikore/apps/admin-ui/components/doctor-dashboard.tsx
    6:33  warning  'useHospitalTodaysTokens' is defined but never used                                                                                                                                                                                                                                                                                                                                       @typescript-eslint/no-unused-vars
    8:10  warning  'DoctorTodayToken' is defined but never used                                                                                                                                                                                                                                                                                                                                              @typescript-eslint/no-unused-vars
    8:34  error    Unable to resolve path to module 'shared-types'                                                                                                                                                                                                                                                                                                                                           import/no-unresolved
   13:11  warning  An empty interface declaration allows any non-nullish value, including literals like `0` and `""`.
- If that's what you want, disable this lint rule with an inline comment or configure the 'allowInterfaces' rule option.
- If you want a type meaning "any object", you probably want `object` instead.
- If you want a type meaning "any value", you probably want `unknown` instead  @typescript-eslint/no-empty-object-type
   16:9   warning  Unexpected empty object pattern                                                                                                                                                                                                                                                                                                                                                           no-empty-pattern
   17:9   warning  'router' is assigned a value but never used                                                                                                                                                                                                                                                                                                                                               @typescript-eslint/no-unused-vars
   26:12  warning  'tokensError' is assigned a value but never used                                                                                                                                                                                                                                                                                                                                          @typescript-eslint/no-unused-vars
   34:10  warning  'consultationNotes' is assigned a value but never used                                                                                                                                                                                                                                                                                                                                    @typescript-eslint/no-unused-vars
  182:59  error    `'` can be escaped with `&apos;`, `&lsquo;`, `&#39;`, `&rsquo;`                                                                                                                                                                                                                                                                                                                           react/no-unescaped-entities

/Users/mohammedshafiuddin/WebDev/mobile-dev/medikore/apps/admin-ui/components/doctor-details.tsx
  1:17  warning  'useState' is defined but never used        @typescript-eslint/no-unused-vars
  2:41  warning  'Alert' is defined but never used           @typescript-eslint/no-unused-vars
  4:28  warning  'useGetUserById' is defined but never used  @typescript-eslint/no-unused-vars

/Users/mohammedshafiuddin/WebDev/mobile-dev/medikore/apps/admin-ui/components/hospital-admin-dashboard.tsx
    9:3   warning  'TextInput' is defined but never used                                                                                                                                                                                                                                                                                                                                                     @typescript-eslint/no-unused-vars
   16:3   warning  'useHospitalTodaysTokens' is defined but never used                                                                                                                                                                                                                                                                                                                                       @typescript-eslint/no-unused-vars
   25:11  warning  An empty interface declaration allows any non-nullish value, including literals like `0` and `""`.
- If that's what you want, disable this lint rule with an inline comment or configure the 'allowInterfaces' rule option.
- If you want a type meaning "any object", you probably want `object` instead.
- If you want a type meaning "any value", you probably want `unknown` instead  @typescript-eslint/no-empty-object-type
   62:14  warning  'err' is defined but never used                                                                                                                                                                                                                                                                                                                                                           @typescript-eslint/no-unused-vars
  188:22  error    `'` can be escaped with `&apos;`, `&lsquo;`, `&#39;`, `&rsquo;`                                                                                                                                                                                                                                                                                                                           react/no-unescaped-entities

/Users/mohammedshafiuddin/WebDev/mobile-dev/medikore/apps/admin-ui/components/hospital-details-form.tsx
  1:17  warning  'useState' is defined but never used                @typescript-eslint/no-unused-vars
  1:27  warning  'useEffect' is defined but never used               @typescript-eslint/no-unused-vars
  2:16  warning  'Alert' is defined but never used                   @typescript-eslint/no-unused-vars
  5:65  warning  'DropdownOption' is defined but never used          @typescript-eslint/no-unused-vars
  7:41  warning  'PotentialHospitalAdmin' is defined but never used  @typescript-eslint/no-unused-vars
  9:24  error    Unable to resolve path to module 'shared-types'     import/no-unresolved

/Users/mohammedshafiuddin/WebDev/mobile-dev/medikore/apps/admin-ui/components/hospital-form.tsx
    5:40  warning  'CustomDropdown' is defined but never used         @typescript-eslint/no-unused-vars
   16:8   warning  'AppContainer' is defined but never used           @typescript-eslint/no-unused-vars
   18:22  warning  'useRoles' is defined but never used               @typescript-eslint/no-unused-vars
   19:10  warning  'useIsHospitalAdmin' is defined but never used     @typescript-eslint/no-unused-vars
  239:9   warning  'adminOptions' is assigned a value but never used  @typescript-eslint/no-unused-vars

/Users/mohammedshafiuddin/WebDev/mobile-dev/medikore/apps/admin-ui/components/my-patients.native.tsx
  16:24  warning  'setItemsPerPage' is assigned a value but never used                                                                                                                                                                                    @typescript-eslint/no-unused-vars
  51:9   warning  The 'patients' logical expression could make the dependencies of useMemo Hook (at line 66) change on every render. Move it inside the useMemo callback. Alternatively, wrap the initialization of 'patients' in its own useMemo() Hook  react-hooks/exhaustive-deps
  55:28  error    React Hook "React.useMemo" is called conditionally. React Hooks must be called in the exact same order in every component render. Did you accidentally call a React Hook after an early return?                                         react-hooks/rules-of-hooks

/Users/mohammedshafiuddin/WebDev/mobile-dev/medikore/apps/admin-ui/components/my-patients.web.tsx
  41:9  warning  The 'patients' logical expression could make the dependencies of useMemo Hook (at line 56) change on every render. Move it inside the useMemo callback. Alternatively, wrap the initialization of 'patients' in its own useMemo() Hook  react-hooks/exhaustive-deps

/Users/mohammedshafiuddin/WebDev/mobile-dev/medikore/apps/admin-ui/components/paper-pagination.tsx
  2:17  warning  'useMemo' is defined but never used  @typescript-eslint/no-unused-vars

/Users/mohammedshafiuddin/WebDev/mobile-dev/medikore/apps/admin-ui/components/tokenhistory.native.tsx
  18:37  warning  'error' is assigned a value but never used                     @typescript-eslint/no-unused-vars
  29:9   warning  'handleItemsPerPageChange' is assigned a value but never used  @typescript-eslint/no-unused-vars

/Users/mohammedshafiuddin/WebDev/mobile-dev/medikore/apps/admin-ui/components/tokenhistory.web.tsx
  14:37  warning  'error' is assigned a value but never used  @typescript-eslint/no-unused-vars

/Users/mohammedshafiuddin/WebDev/mobile-dev/medikore/apps/admin-ui/components/user-details-admin-pov.tsx
    1:8   warning  'DateTimePickerMod' is defined but never used                                                                                      @typescript-eslint/no-unused-vars
    5:3   warning  'ScrollView' is defined but never used                                                                                             @typescript-eslint/no-unused-vars
   14:10  warning  'Ionicons' is defined but never used                                                                                               @typescript-eslint/no-unused-vars
   20:26  warning  'useUpdateBusinessUser' is defined but never used                                                                                  @typescript-eslint/no-unused-vars
   21:10  warning  'User' is defined but never used                                                                                                   @typescript-eslint/no-unused-vars
   21:16  warning  'DashboardDoctor' is defined but never used                                                                                        @typescript-eslint/no-unused-vars
  589:7   warning  'LeaveManagementSection' is assigned a value but never used                                                                        @typescript-eslint/no-unused-vars
  597:9   warning  'accentColor' is assigned a value but never used                                                                                   @typescript-eslint/no-unused-vars
  608:10  warning  'showStartPicker' is assigned a value but never used                                                                               @typescript-eslint/no-unused-vars
  608:27  warning  'setShowStartPicker' is assigned a value but never used                                                                            @typescript-eslint/no-unused-vars
  609:10  warning  'showEndPicker' is assigned a value but never used                                                                                 @typescript-eslint/no-unused-vars
  609:25  warning  'setShowEndPicker' is assigned a value but never used                                                                              @typescript-eslint/no-unused-vars
  647:24  error    `'` can be escaped with `&apos;`, `&lsquo;`, `&#39;`, `&rsquo;`                                                                    react/no-unescaped-entities
  761:12  warning  'pauseDate' is assigned a value but never used                                                                                     @typescript-eslint/no-unused-vars
  762:52  warning  'isUpdatingInning' is assigned a value but never used                                                                              @typescript-eslint/no-unused-vars
  905:35  error    React Hook "useGetUserById" is called conditionally. React Hooks must be called in the exact same order in every component render  react-hooks/rules-of-hooks

 210 problems (25 errors, 185 warnings)

npm error Lifecycle script `lint` failed with error:
npm error code 1
npm error path /Users/mohammedshafiuddin/WebDev/mobile-dev/medikore/apps/admin-ui
npm error workspace admin-ui@1.0.0
npm error location /Users/mohammedshafiuddin/WebDev/mobile-dev/medikore/apps/admin-ui
npm error command failed
npm error command sh -c expo lint
