
> backend-inspiration@1.0.0 build
> rimraf ./dist && tsc

node:internal/modules/cjs/loader:1228
  throw err;
  ^

Error: Cannot find module './'
Require stack:
- /Users/mohammedshafiuddin/WebDev/mobile-dev/meat_farmer/node_modules/.bin/rimraf
    at Module._resolveFilename (node:internal/modules/cjs/loader:1225:15)
    at Module._load (node:internal/modules/cjs/loader:1051:27)
    at Module.require (node:internal/modules/cjs/loader:1311:19)
    at require (node:internal/modules/helpers:179:18)
    at Object.<anonymous> (/Users/mohammedshafiuddin/WebDev/mobile-dev/meat_farmer/node_modules/.bin/rimraf:3:16)
    at Module._compile (node:internal/modules/cjs/loader:1469:14)
    at Module._extensions..js (node:internal/modules/cjs/loader:1548:10)
    at Module.load (node:internal/modules/cjs/loader:1288:32)
    at Module._load (node:internal/modules/cjs/loader:1104:12)
    at Function.executeUserEntryPoint [as runMain] (node:internal/modules/run_main:173:12) {
  code: 'MODULE_NOT_FOUND',
  requireStack: [
    '/Users/mohammedshafiuddin/WebDev/mobile-dev/meat_farmer/node_modules/.bin/rimraf'
  ]
}

Node.js v20.18.1
npm error Lifecycle script `build` failed with error:
npm error code 1
npm error path /Users/mohammedshafiuddin/WebDev/mobile-dev/meat_farmer/apps/inspiration-backend
npm error workspace backend-inspiration@1.0.0
npm error location /Users/mohammedshafiuddin/WebDev/mobile-dev/meat_farmer/apps/inspiration-backend
npm error command failed
npm error command sh -c rimraf ./dist && tsc
